<?xml version="1.0" encoding="UTF-8"?>
<testsuite xmlns:xsi="http://www.w3.org/2001/XMLSchema-instance" xsi:noNamespaceSchemaLocation="https://maven.apache.org/surefire/maven-surefire-plugin/xsd/surefire-test-report-3.0.xsd" version="3.0" name="com.vini.orders.OrderServiceIT" time="13.141" tests="3" errors="0" skipped="0" failures="0">
  <properties>
[...]
</properties>
  <testcase name="should_create_order_and_mark_as_paid_when_payment_ok" classname="com.vini.orders.OrderServiceIT" time="1.579">
    <system-out><![CDATA[01:50:09.781 [main] INFO org.springframework.test.context.support.AnnotationConfigContextLoaderUtils -- Could not detect default configuration classes for test class [com.vini.orders.OrderServiceIT]: OrderServiceIT does not declare any static, non-private, non-final, nested classes annotated with @Configuration.
01:50:10.002 [main] INFO org.springframework.boot.test.context.SpringBootTestContextBootstrapper -- Found @SpringBootConfiguration com.vini.orders.OrdersApplication for test class com.vini.orders.OrderServiceIT

  .   ____          _            __ _ _
 /\\ / ___'_ __ _ _(_)_ __  __ _ \ \ \ \
( ( )\___ | '_ | '_| | '_ \/ _` | \ \ \ \
 \\/  ___)| |_)| | | | | || (_| |  ) ) ) )
  '  |____| .__|_| |_|_| |_\__, | / / / /
 =========|_|==============|___/=/_/_/_/

 :: Spring Boot ::                (v3.3.2)

2026-01-29 01:50:12.020 INFO  [] com.vini.orders.OrderServiceIT - Starting OrderServiceIT using Java 25.0.1 with PID 27856 (started by Vinic in C:\Users\Vinic\Desktop\E-commerce\java-ms-ecommerce\order-service)
2026-01-29 01:50:12.021 INFO  [] com.vini.orders.OrderServiceIT - The following 1 profile is active: "test"
2026-01-29 01:50:13.505 INFO  [] o.s.d.r.c.RepositoryConfigurationDelegate - Bootstrapping Spring Data JPA repositories in DEFAULT mode.
2026-01-29 01:50:13.577 INFO  [] o.s.d.r.c.RepositoryConfigurationDelegate - Finished Spring Data repository scanning in 63 ms. Found 1 JPA repository interface.
2026-01-29 01:50:14.939 INFO  [] o.s.b.w.e.tomcat.TomcatWebServer - Tomcat initialized with port 0 (http)
2026-01-29 01:50:14.965 INFO  [] o.a.catalina.core.StandardService - Starting service [Tomcat]
2026-01-29 01:50:14.966 INFO  [] o.a.catalina.core.StandardEngine - Starting Servlet engine: [Apache Tomcat/10.1.26]
2026-01-29 01:50:15.049 INFO  [] o.a.c.c.C.[Tomcat].[localhost].[/] - Initializing Spring embedded WebApplicationContext
2026-01-29 01:50:15.049 INFO  [] o.s.b.w.s.c.ServletWebServerApplicationContext - Root WebApplicationContext: initialization completed in 2999 ms
2026-01-29 01:50:15.613 INFO  [] o.h.jpa.internal.util.LogHelper - HHH000204: Processing PersistenceUnitInfo [name: default]
2026-01-29 01:50:15.717 INFO  [] org.hibernate.Version - HHH000412: Hibernate ORM core version 6.5.2.Final
2026-01-29 01:50:15.769 INFO  [] o.h.c.i.RegionFactoryInitiator - HHH000026: Second-level cache disabled
2026-01-29 01:50:16.213 INFO  [] o.s.o.j.p.SpringPersistenceUnitInfo - No LoadTimeWeaver setup: ignoring JPA class transformer
2026-01-29 01:50:16.251 INFO  [] com.zaxxer.hikari.HikariDataSource - HikariPool-1 - Starting...
2026-01-29 01:50:16.559 INFO  [] com.zaxxer.hikari.pool.HikariPool - HikariPool-1 - Added connection org.postgresql.jdbc.PgConnection@6fc03cf6
2026-01-29 01:50:16.561 INFO  [] com.zaxxer.hikari.HikariDataSource - HikariPool-1 - Start completed.
2026-01-29 01:50:17.914 INFO  [] o.h.e.t.j.p.i.JtaPlatformInitiator - HHH000489: No JTA platform available (set 'hibernate.transaction.jta.platform' to enable JTA platform integration)
Hibernate: 
    alter table if exists order_items 
       drop constraint if exists FKbioxgbv59vetrxe0ejfubep1w
2026-01-29 01:50:17.946 WARN  [] o.h.e.jdbc.spi.SqlExceptionHelper - SQL Warning Code: 0, SQLState: 00000
2026-01-29 01:50:17.946 WARN  [] o.h.e.jdbc.spi.SqlExceptionHelper - relation "order_items" does not exist, skipping
Hibernate: 
    drop table if exists order_items cascade
2026-01-29 01:50:17.949 WARN  [] o.h.e.jdbc.spi.SqlExceptionHelper - SQL Warning Code: 0, SQLState: 00000
2026-01-29 01:50:17.949 WARN  [] o.h.e.jdbc.spi.SqlExceptionHelper - table "order_items" does not exist, skipping
Hibernate: 
    drop table if exists orders cascade
2026-01-29 01:50:17.950 WARN  [] o.h.e.jdbc.spi.SqlExceptionHelper - SQL Warning Code: 0, SQLState: 00000
2026-01-29 01:50:17.950 WARN  [] o.h.e.jdbc.spi.SqlExceptionHelper - table "orders" does not exist, skipping
Hibernate: 
    create table order_items (
        quantity integer not null,
        id uuid not null,
        order_id uuid not null,
        sku varchar(255) not null,
        primary key (id)
    )
Hibernate: 
    create table orders (
        created_at timestamp(6) with time zone not null,
        id uuid not null,
        customer_id varchar(255) not null,
        status varchar(255) not null check (status in ('CREATED','PAID','CANCELED')),
        primary key (id)
    )
Hibernate: 
    alter table if exists order_items 
       add constraint FKbioxgbv59vetrxe0ejfubep1w 
       foreign key (order_id) 
       references orders
2026-01-29 01:50:18.010 INFO  [] o.s.o.j.LocalContainerEntityManagerFactoryBean - Initialized JPA EntityManagerFactory for persistence unit 'default'
2026-01-29 01:50:19.081 WARN  [] o.s.b.a.o.j.JpaBaseConfiguration$JpaWebConfiguration - spring.jpa.open-in-view is enabled by default. Therefore, database queries may be performed during view rendering. Explicitly configure spring.jpa.open-in-view to disable this warning
2026-01-29 01:50:20.638 INFO  [] o.s.b.a.e.web.EndpointLinksResolver - Exposing 1 endpoint beneath base path '/actuator'
2026-01-29 01:50:20.740 INFO  [] o.s.b.w.e.tomcat.TomcatWebServer - Tomcat started on port 57650 (http) with context path '/'
2026-01-29 01:50:20.757 INFO  [] com.vini.orders.OrderServiceIT - Started OrderServiceIT in 9.219 seconds (process running for 12.011)
2026-01-29 01:50:21.909 INFO  [] o.a.c.c.C.[Tomcat].[localhost].[/] - Initializing Spring DispatcherServlet 'dispatcherServlet'
2026-01-29 01:50:21.909 INFO  [] o.s.web.servlet.DispatcherServlet - Initializing Servlet 'dispatcherServlet'
2026-01-29 01:50:21.910 INFO  [] o.s.web.servlet.DispatcherServlet - Completed initialization in 1 ms
Hibernate: 
    insert 
    into
        orders
        (created_at, customer_id, status, id) 
    values
        (?, ?, ?, ?)
Hibernate: 
    insert 
    into
        order_items
        (order_id, quantity, sku, id) 
    values
        (?, ?, ?, ?)
Hibernate: 
    insert 
    into
        order_items
        (order_id, quantity, sku, id) 
    values
        (?, ?, ?, ?)
Hibernate: 
    update
        orders 
    set
        created_at=?,
        customer_id=?,
        status=? 
    where
        id=?
]]></system-out>
    <system-err><![CDATA[WARNING: A Java agent has been loaded dynamically (C:\Users\Vinic\.m2\repository\net\bytebuddy\byte-buddy-agent\1.14.18\byte-buddy-agent-1.14.18.jar)
WARNING: If a serviceability tool is in use, please run with -XX:+EnableDynamicAgentLoading to hide this warning
WARNING: If a serviceability tool is not in use, please run with -Djdk.instrument.traceUsage for more information
WARNING: Dynamic loading of agents will be disallowed by default in a future release
]]></system-err>
  </testcase>
  <testcase name="should_cancel_and_release_when_payment_declined" classname="com.vini.orders.OrderServiceIT" time="0.084">
    <system-out><![CDATA[Hibernate: 
    insert 
    into
        orders
        (created_at, customer_id, status, id) 
    values
        (?, ?, ?, ?)
Hibernate: 
    insert 
    into
        order_items
        (order_id, quantity, sku, id) 
    values
        (?, ?, ?, ?)
Hibernate: 
    update
        orders 
    set
        created_at=?,
        customer_id=?,
        status=? 
    where
        id=?
]]></system-out>
  </testcase>
  <testcase name="getOrder_whenNotFound_shouldReturn404" classname="com.vini.orders.OrderServiceIT" time="0.094">
    <system-out><![CDATA[Hibernate: 
    select
        o1_0.id,
        o1_0.created_at,
        o1_0.customer_id,
        o1_0.status 
    from
        orders o1_0 
    where
        o1_0.id=?
]]></system-out>
  </testcase>
</testsuite>